<?xml version="1.0" encoding="UTF-8"?>
<!-- Generated by org.testng.reporters.JUnitReportReporter -->
<testsuite hostname="DESKTOP-7608SMV" failures="0" tests="1" name="test.ProductSearchTest" time="20.416" errors="0" timestamp="2024-07-04T17:42:59 IST" skipped="0">
  <testcase classname="test.ProductSearchTest" name="verifyIfUserIsAbleRoSerachProduct" time="20.416"/>
</testsuite> <!-- test.ProductSearchTest -->
