<?xml version="1.0" encoding="UTF-8"?>
<!-- Generated by org.testng.reporters.JUnitReportReporter -->
<testsuite hostname="DESKTOP-7608SMV" failures="0" tests="2" name="test.CartTestAddTwoProducts" time="65.365" errors="0" timestamp="2024-06-27T13:36:23 IST" skipped="0">
  <testcase classname="test.CartTestAddTwoProducts" name="verifyRemoveFunctionalityFromAddToCart" time="30.790"/>
  <testcase classname="test.CartTestAddTwoProducts" name="verifyAddToCartFromOrderDeatils" time="34.575"/>
</testsuite> <!-- test.CartTestAddTwoProducts -->
