<?xml version="1.0" encoding="UTF-8"?>
<!-- Generated by org.testng.reporters.JUnitReportReporter -->
<testsuite hostname="DESKTOP-7608SMV" failures="0" tests="1" name="test.ViewProductDetailsTest" time="33.263" errors="0" timestamp="2024-07-04T17:02:24 IST" skipped="0">
  <testcase classname="test.ViewProductDetailsTest" name="verifyIfUserIsViewProductDetailsFromQuickView" time="33.263"/>
</testsuite> <!-- test.ViewProductDetailsTest -->
